[2019-08-12T20:40:48.448] [INFO] info -   [90m<--[39m [1mPOST[22m [90m/product/queryList[39m
[2019-08-12T20:40:48.515] [INFO] info -   [90m-->[39m [1mPOST[22m [90m/product/queryList[39m [32m200[39m [90m74ms[39m [90m623b[39m
[2019-08-12T20:40:50.404] [INFO] info -   [90m<--[39m [1mGET[22m [90m/audios/list?[39m
[2019-08-12T20:40:50.425] [INFO] info -   [90m-->[39m [1mGET[22m [90m/audios/list?[39m [32m200[39m [90m25ms[39m [90m5.62kb[39m
[2019-08-12T20:40:50.739] [INFO] info -   [90m<--[39m [1mGET[22m [90m/audios/1565609923542/%E8%8C%83%E7%8E%AE%E7%90%AA-%E5%AF%B9%E7%9A%84%E4%BA%BA/image-20190812190339505.png[39m
[2019-08-12T20:40:50.748] [INFO] info -   [90m<--[39m [1mGET[22m [90m/audios/1565608636360/%E5%91%A8%E6%9D%B0%E4%BC%A6-%E9%BB%91%E8%89%B2%E5%B9%BD%E9%BB%98/image-20190811212856608.png[39m
[2019-08-12T20:40:50.772] [INFO] info -   [90m-->[39m [1mGET[22m [90m/audios/1565608636360/%E5%91%A8%E6%9D%B0%E4%BC%A6-%E9%BB%91%E8%89%B2%E5%B9%BD%E9%BB%98/image-20190811212856608.png[39m [32m200[39m [90m24ms[39m [90m107.01kb[39m
[2019-08-12T20:40:50.777] [INFO] info -   [90m-->[39m [1mGET[22m [90m/audios/1565609923542/%E8%8C%83%E7%8E%AE%E7%90%AA-%E5%AF%B9%E7%9A%84%E4%BA%BA/image-20190812190339505.png[39m [32m200[39m [90m39ms[39m [90m588.97kb[39m
[2019-08-12T20:40:56.808] [INFO] info -   [90m<--[39m [1mPOST[22m [90m/audios/upload[39m
[2019-08-12T20:40:57.209] [INFO] info -   [90m-->[39m [1mPOST[22m [90m/audios/upload[39m [32m200[39m [90m377ms[39m [90m56b[39m
[2019-08-12T20:40:57.415] [INFO] info -   [90m<--[39m [1mGET[22m [90m/audios/list?[39m
[2019-08-12T20:40:57.448] [INFO] info -   [90m-->[39m [1mGET[22m [90m/audios/list?[39m [32m200[39m [90m237ms[39m [90m8.04kb[39m
[2019-08-12T20:40:57.544] [INFO] info -   [90m<--[39m [1mGET[22m [90m/undefined[39m
[2019-08-12T20:40:57.547] [INFO] info -   [90m-->[39m [1mGET[22m [90m/undefined[39m [33m404[39m [90m5ms[39m [90m-[39m
[2019-08-12T20:41:42.186] [INFO] info -   [90m<--[39m [1mPOST[22m [90m/audio/remove[39m
[2019-08-12T20:41:42.210] [INFO] info -   [90m-->[39m [1mPOST[22m [90m/audio/remove[39m [32m200[39m [90m27ms[39m [90m56b[39m
[2019-08-12T20:41:49.286] [INFO] info -   [90m<--[39m [1mPOST[22m [90m/audios/upload[39m
[2019-08-12T20:41:49.622] [INFO] info -   [90m-->[39m [1mPOST[22m [90m/audios/upload[39m [32m200[39m [90m333ms[39m [90m56b[39m
[2019-08-12T20:41:49.693] [INFO] info -   [90m<--[39m [1mGET[22m [90m/audios/list?[39m
[2019-08-12T20:41:49.733] [INFO] info -   [90m-->[39m [1mGET[22m [90m/audios/list?[39m [32m200[39m [90m74ms[39m [90m8.07kb[39m
[2019-08-12T20:41:49.753] [INFO] info -   [90m<--[39m [1mGET[22m [90m/undefined[39m
[2019-08-12T20:41:49.767] [INFO] info -   [90m-->[39m [1mGET[22m [90m/undefined[39m [33m404[39m [90m8ms[39m [90m-[39m
[2019-08-12T20:42:04.574] [INFO] info -   [90m<--[39m [1mGET[22m [90m/audios/list?[39m
[2019-08-12T20:42:04.586] [INFO] info -   [90m-->[39m [1mGET[22m [90m/audios/list?[39m [32m200[39m [90m9ms[39m [90m8.07kb[39m
[2019-08-12T20:42:04.594] [INFO] info -   [90m<--[39m [1mGET[22m [90m/https://timgsa.baidu.com/timg?image&quality=80&size=b9999_10000&sec=1565432542505&di=67d68e3ad03cf0a1806373b3e1916219&imgtype=0&src=http%3A%2F%2Fa3.att.hudong.com%2F13%2F66%2F01200000027819134400663965087_s.jpg[39m
[2019-08-12T20:42:04.597] [INFO] info -   [90m-->[39m [1mGET[22m [90m/https://timgsa.baidu.com/timg?image&quality=80&size=b9999_10000&sec=1565432542505&di=67d68e3ad03cf0a1806373b3e1916219&imgtype=0&src=http%3A%2F%2Fa3.att.hudong.com%2F13%2F66%2F01200000027819134400663965087_s.jpg[39m [33m404[39m [90m4ms[39m [90m-[39m
[2019-08-12T20:42:04.612] [INFO] info -   [90m<--[39m [1mGET[22m [90m/http://djtao.net/%E8%8C%83%E7%8E%AE%E7%90%AA%20-%20%E5%AF%B9%E7%9A%84%E4%BA%BA.mp3[39m
[2019-08-12T20:42:06.706] [INFO] info -   [90m-->[39m [1mGET[22m [90m/http://djtao.net/%E8%8C%83%E7%8E%AE%E7%90%AA%20-%20%E5%AF%B9%E7%9A%84%E4%BA%BA.mp3[39m [33m404[39m [90m2,092ms[39m [90m-[39m
[2019-08-12T20:42:13.260] [INFO] info -   [90m<--[39m [1mGET[22m [90m/undefined[39m
[2019-08-12T20:42:13.264] [INFO] info -   [90m-->[39m [1mGET[22m [90m/undefined[39m [33m404[39m [90m5ms[39m [90m-[39m
[2019-08-12T20:42:13.285] [INFO] info -   [90m<--[39m [1mGET[22m [90m/audios/1565613709384/%E7%BD%97%E5%A4%A7%E4%BD%91-%E9%87%8E%E7%99%BE%E5%90%88%E4%B9%9F%E6%9C%89%E6%98%A5%E5%A4%A9/%E7%BD%97%E5%A4%A7%E4%BD%91%20-%20%E9%87%8E%E7%99%BE%E5%90%88%E4%B9%9F%E6%9C%89%E6%98%A5%E5%A4%A9%20%E7%BA%B5%E8%B4%AF%E7%BA%BF%E6%BC%94%E5%94%B1%E4%BC%9A%E5%8F%B0%E5%8C%97%E7%BB%88%E7%82%B9%E7%AB%99%20%E7%8E%B0%E5%9C%BA%E7%89%88.mp3[39m
[2019-08-12T20:42:13.841] [INFO] info -   [90m-->[39m [1mGET[22m [90m/audios/1565613709384/%E7%BD%97%E5%A4%A7%E4%BD%91-%E9%87%8E%E7%99%BE%E5%90%88%E4%B9%9F%E6%9C%89%E6%98%A5%E5%A4%A9/%E7%BD%97%E5%A4%A7%E4%BD%91%20-%20%E9%87%8E%E7%99%BE%E5%90%88%E4%B9%9F%E6%9C%89%E6%98%A5%E5%A4%A9%20%E7%BA%B5%E8%B4%AF%E7%BA%BF%E6%BC%94%E5%94%B1%E4%BC%9A%E5%8F%B0%E5%8C%97%E7%BB%88%E7%82%B9%E7%AB%99%20%E7%8E%B0%E5%9C%BA%E7%89%88.mp3[39m [32m200[39m [90m556ms[39m [90m4.24mb[39m
[2019-08-12T20:43:38.512] [INFO] info -   [90m<--[39m [1mGET[22m [90m/audios/1565608636360/%E5%91%A8%E6%9D%B0%E4%BC%A6-%E9%BB%91%E8%89%B2%E5%B9%BD%E9%BB%98/image-20190811212856608.png[39m
[2019-08-12T20:43:38.521] [INFO] info -   [90m<--[39m [1mGET[22m [90m/audios/1565608636360/%E5%91%A8%E6%9D%B0%E4%BC%A6-%E9%BB%91%E8%89%B2%E5%B9%BD%E9%BB%98/%E9%BB%91%E8%89%B2%E5%B9%BD%E9%BB%98%20-%20%E5%91%A8%E6%9D%B0%E4%BC%A6.mp3[39m
[2019-08-12T20:43:38.533] [INFO] info -   [90m-->[39m [1mGET[22m [90m/audios/1565608636360/%E5%91%A8%E6%9D%B0%E4%BC%A6-%E9%BB%91%E8%89%B2%E5%B9%BD%E9%BB%98/image-20190811212856608.png[39m [32m200[39m [90m36ms[39m [90m107.01kb[39m
[2019-08-12T20:43:40.183] [INFO] info -   [90m<--[39m [1mGET[22m [90m/undefined[39m
[2019-08-12T20:43:40.209] [INFO] info -   [33m-x-[39m [1mGET[22m [90m/audios/1565608636360/%E5%91%A8%E6%9D%B0%E4%BC%A6-%E9%BB%91%E8%89%B2%E5%B9%BD%E9%BB%98/%E9%BB%91%E8%89%B2%E5%B9%BD%E9%BB%98%20-%20%E5%91%A8%E6%9D%B0%E4%BC%A6.mp3[39m [32m200[39m [90m1,671ms[39m [90m10.82mb[39m
[2019-08-12T20:43:40.239] [INFO] info -   [90m<--[39m [1mGET[22m [90m/audios/1565613709384/%E7%BD%97%E5%A4%A7%E4%BD%91-%E9%87%8E%E7%99%BE%E5%90%88%E4%B9%9F%E6%9C%89%E6%98%A5%E5%A4%A9/%E7%BD%97%E5%A4%A7%E4%BD%91%20-%20%E9%87%8E%E7%99%BE%E5%90%88%E4%B9%9F%E6%9C%89%E6%98%A5%E5%A4%A9%20%E7%BA%B5%E8%B4%AF%E7%BA%BF%E6%BC%94%E5%94%B1%E4%BC%9A%E5%8F%B0%E5%8C%97%E7%BB%88%E7%82%B9%E7%AB%99%20%E7%8E%B0%E5%9C%BA%E7%89%88.mp3[39m
[2019-08-12T20:43:40.244] [INFO] info -   [90m-->[39m [1mGET[22m [90m/undefined[39m [33m404[39m [90m60ms[39m [90m-[39m
[2019-08-12T20:43:40.663] [INFO] info -   [90m-->[39m [1mGET[22m [90m/audios/1565613709384/%E7%BD%97%E5%A4%A7%E4%BD%91-%E9%87%8E%E7%99%BE%E5%90%88%E4%B9%9F%E6%9C%89%E6%98%A5%E5%A4%A9/%E7%BD%97%E5%A4%A7%E4%BD%91%20-%20%E9%87%8E%E7%99%BE%E5%90%88%E4%B9%9F%E6%9C%89%E6%98%A5%E5%A4%A9%20%E7%BA%B5%E8%B4%AF%E7%BA%BF%E6%BC%94%E5%94%B1%E4%BC%9A%E5%8F%B0%E5%8C%97%E7%BB%88%E7%82%B9%E7%AB%99%20%E7%8E%B0%E5%9C%BA%E7%89%88.mp3[39m [32m200[39m [90m422ms[39m [90m4.24mb[39m
[2019-08-12T20:43:43.954] [INFO] info -   [90m<--[39m [1mGET[22m [90m/audios/1565610465057/%E6%9D%8E%E5%9C%A3%E6%9D%B0-%E6%9C%80%E8%BF%91/image-20190812194709688.png[39m
[2019-08-12T20:43:43.962] [INFO] info -   [90m<--[39m [1mGET[22m [90m/audios/1565610465057/%E6%9D%8E%E5%9C%A3%E6%9D%B0-%E6%9C%80%E8%BF%91/%E6%9D%8E%E5%9C%A3%E6%9D%B0%20-%20%E6%9C%80%E8%BF%91.mp3[39m
[2019-08-12T20:43:43.967] [INFO] info -   [90m-->[39m [1mGET[22m [90m/audios/1565610465057/%E6%9D%8E%E5%9C%A3%E6%9D%B0-%E6%9C%80%E8%BF%91/image-20190812194709688.png[39m [32m200[39m [90m15ms[39m [90m186.6kb[39m
[2019-08-12T20:43:46.700] [INFO] info -   [90m<--[39m [1mGET[22m [90m/audios/1565609923542/%E8%8C%83%E7%8E%AE%E7%90%AA-%E5%AF%B9%E7%9A%84%E4%BA%BA/%20%E5%AF%B9%E7%9A%84%E4%BA%BA.mp3[39m
[2019-08-12T20:43:46.701] [INFO] info -   [33m-x-[39m [1mGET[22m [90m/audios/1565610465057/%E6%9D%8E%E5%9C%A3%E6%9D%B0-%E6%9C%80%E8%BF%91/%E6%9D%8E%E5%9C%A3%E6%9D%B0%20-%20%E6%9C%80%E8%BF%91.mp3[39m [32m200[39m [90m2,740ms[39m [90m9.2mb[39m
[2019-08-12T20:43:46.731] [INFO] info -   [90m<--[39m [1mGET[22m [90m/audios/1565609923542/%E8%8C%83%E7%8E%AE%E7%90%AA-%E5%AF%B9%E7%9A%84%E4%BA%BA/image-20190812190339505.png[39m
[2019-08-12T20:43:46.790] [INFO] info -   [90m-->[39m [1mGET[22m [90m/audios/1565609923542/%E8%8C%83%E7%8E%AE%E7%90%AA-%E5%AF%B9%E7%9A%84%E4%BA%BA/image-20190812190339505.png[39m [32m200[39m [90m57ms[39m [90m588.97kb[39m
[2019-08-12T20:43:47.220] [INFO] info -   [90m-->[39m [1mGET[22m [90m/audios/1565609923542/%E8%8C%83%E7%8E%AE%E7%90%AA-%E5%AF%B9%E7%9A%84%E4%BA%BA/%20%E5%AF%B9%E7%9A%84%E4%BA%BA.mp3[39m [32m200[39m [90m519ms[39m [90m3.74mb[39m
[2019-08-12T20:44:25.745] [INFO] info -   [90m<--[39m [1mGET[22m [90m/audios/1565608636360/%E5%91%A8%E6%9D%B0%E4%BC%A6-%E9%BB%91%E8%89%B2%E5%B9%BD%E9%BB%98/image-20190811212856608.png[39m
[2019-08-12T20:44:25.750] [INFO] info -   [90m<--[39m [1mGET[22m [90m/audios/1565608636360/%E5%91%A8%E6%9D%B0%E4%BC%A6-%E9%BB%91%E8%89%B2%E5%B9%BD%E9%BB%98/%E9%BB%91%E8%89%B2%E5%B9%BD%E9%BB%98%20-%20%E5%91%A8%E6%9D%B0%E4%BC%A6.mp3[39m
[2019-08-12T20:44:25.756] [INFO] info -   [90m-->[39m [1mGET[22m [90m/audios/1565608636360/%E5%91%A8%E6%9D%B0%E4%BC%A6-%E9%BB%91%E8%89%B2%E5%B9%BD%E9%BB%98/image-20190811212856608.png[39m [32m200[39m [90m12ms[39m [90m107.01kb[39m
[2019-08-12T20:44:28.785] [INFO] info -   [90m<--[39m [1mGET[22m [90m/undefined[39m
[2019-08-12T20:44:28.788] [INFO] info -   [33m-x-[39m [1mGET[22m [90m/audios/1565608636360/%E5%91%A8%E6%9D%B0%E4%BC%A6-%E9%BB%91%E8%89%B2%E5%B9%BD%E9%BB%98/%E9%BB%91%E8%89%B2%E5%B9%BD%E9%BB%98%20-%20%E5%91%A8%E6%9D%B0%E4%BC%A6.mp3[39m [32m200[39m [90m3,038ms[39m [90m10.82mb[39m
[2019-08-12T20:44:28.795] [INFO] info -   [90m-->[39m [1mGET[22m [90m/undefined[39m [33m404[39m [90m10ms[39m [90m-[39m
[2019-08-12T20:44:28.804] [INFO] info -   [90m<--[39m [1mGET[22m [90m/audios/1565613709384/%E7%BD%97%E5%A4%A7%E4%BD%91-%E9%87%8E%E7%99%BE%E5%90%88%E4%B9%9F%E6%9C%89%E6%98%A5%E5%A4%A9/%E7%BD%97%E5%A4%A7%E4%BD%91%20-%20%E9%87%8E%E7%99%BE%E5%90%88%E4%B9%9F%E6%9C%89%E6%98%A5%E5%A4%A9%20%E7%BA%B5%E8%B4%AF%E7%BA%BF%E6%BC%94%E5%94%B1%E4%BC%9A%E5%8F%B0%E5%8C%97%E7%BB%88%E7%82%B9%E7%AB%99%20%E7%8E%B0%E5%9C%BA%E7%89%88.mp3[39m
[2019-08-12T20:44:29.377] [INFO] info -   [90m-->[39m [1mGET[22m [90m/audios/1565613709384/%E7%BD%97%E5%A4%A7%E4%BD%91-%E9%87%8E%E7%99%BE%E5%90%88%E4%B9%9F%E6%9C%89%E6%98%A5%E5%A4%A9/%E7%BD%97%E5%A4%A7%E4%BD%91%20-%20%E9%87%8E%E7%99%BE%E5%90%88%E4%B9%9F%E6%9C%89%E6%98%A5%E5%A4%A9%20%E7%BA%B5%E8%B4%AF%E7%BA%BF%E6%BC%94%E5%94%B1%E4%BC%9A%E5%8F%B0%E5%8C%97%E7%BB%88%E7%82%B9%E7%AB%99%20%E7%8E%B0%E5%9C%BA%E7%89%88.mp3[39m [32m200[39m [90m568ms[39m [90m4.24mb[39m
[2019-08-12T20:44:31.943] [INFO] info -   [90m<--[39m [1mGET[22m [90m/audios/1565610465057/%E6%9D%8E%E5%9C%A3%E6%9D%B0-%E6%9C%80%E8%BF%91/image-20190812194709688.png[39m
[2019-08-12T20:44:31.945] [INFO] info -   [90m<--[39m [1mGET[22m [90m/audios/1565610465057/%E6%9D%8E%E5%9C%A3%E6%9D%B0-%E6%9C%80%E8%BF%91/%E6%9D%8E%E5%9C%A3%E6%9D%B0%20-%20%E6%9C%80%E8%BF%91.mp3[39m
[2019-08-12T20:44:32.005] [INFO] info -   [90m-->[39m [1mGET[22m [90m/audios/1565610465057/%E6%9D%8E%E5%9C%A3%E6%9D%B0-%E6%9C%80%E8%BF%91/image-20190812194709688.png[39m [32m200[39m [90m62ms[39m [90m186.6kb[39m
[2019-08-12T20:44:33.890] [INFO] info -   [33m-x-[39m [1mGET[22m [90m/audios/1565610465057/%E6%9D%8E%E5%9C%A3%E6%9D%B0-%E6%9C%80%E8%BF%91/%E6%9D%8E%E5%9C%A3%E6%9D%B0%20-%20%E6%9C%80%E8%BF%91.mp3[39m [32m200[39m [90m1,941ms[39m [90m9.2mb[39m
[2019-08-12T20:44:33.892] [INFO] info -   [90m<--[39m [1mGET[22m [90m/audios/1565609923542/%E8%8C%83%E7%8E%AE%E7%90%AA-%E5%AF%B9%E7%9A%84%E4%BA%BA/image-20190812190339505.png[39m
[2019-08-12T20:44:33.897] [INFO] info -   [90m<--[39m [1mGET[22m [90m/audios/1565609923542/%E8%8C%83%E7%8E%AE%E7%90%AA-%E5%AF%B9%E7%9A%84%E4%BA%BA/%20%E5%AF%B9%E7%9A%84%E4%BA%BA.mp3[39m
[2019-08-12T20:44:33.943] [INFO] info -   [90m-->[39m [1mGET[22m [90m/audios/1565609923542/%E8%8C%83%E7%8E%AE%E7%90%AA-%E5%AF%B9%E7%9A%84%E4%BA%BA/image-20190812190339505.png[39m [32m200[39m [90m49ms[39m [90m588.97kb[39m
[2019-08-12T20:44:34.421] [INFO] info -   [90m-->[39m [1mGET[22m [90m/audios/1565609923542/%E8%8C%83%E7%8E%AE%E7%90%AA-%E5%AF%B9%E7%9A%84%E4%BA%BA/%20%E5%AF%B9%E7%9A%84%E4%BA%BA.mp3[39m [32m200[39m [90m523ms[39m [90m3.74mb[39m
[2019-08-12T20:44:37.880] [INFO] info -   [90m<--[39m [1mPOST[22m [90m/product/queryList[39m
[2019-08-12T20:44:37.898] [INFO] info -   [90m-->[39m [1mPOST[22m [90m/product/queryList[39m [32m200[39m [90m19ms[39m [90m623b[39m
[2019-08-12T20:44:39.629] [INFO] info -   [90m<--[39m [1mGET[22m [90m/audios/list?[39m
[2019-08-12T20:44:39.641] [INFO] info -   [90m-->[39m [1mGET[22m [90m/audios/list?[39m [32m200[39m [90m10ms[39m [90m8.07kb[39m
[2019-08-12T20:44:39.789] [INFO] info -   [90m<--[39m [1mGET[22m [90m/audios/1565610465057/%E6%9D%8E%E5%9C%A3%E6%9D%B0-%E6%9C%80%E8%BF%91/image-20190812194709688.png[39m
[2019-08-12T20:44:39.793] [INFO] info -   [90m<--[39m [1mGET[22m [90m/undefined[39m
[2019-08-12T20:44:39.797] [INFO] info -   [90m<--[39m [1mGET[22m [90m/audios/1565608636360/%E5%91%A8%E6%9D%B0%E4%BC%A6-%E9%BB%91%E8%89%B2%E5%B9%BD%E9%BB%98/image-20190811212856608.png[39m
[2019-08-12T20:44:39.801] [INFO] info -   [90m-->[39m [1mGET[22m [90m/undefined[39m [33m404[39m [90m7ms[39m [90m-[39m
[2019-08-12T20:44:39.807] [INFO] info -   [90m-->[39m [1mGET[22m [90m/audios/1565610465057/%E6%9D%8E%E5%9C%A3%E6%9D%B0-%E6%9C%80%E8%BF%91/image-20190812194709688.png[39m [32m200[39m [90m26ms[39m [90m186.6kb[39m
[2019-08-12T20:44:40.193] [INFO] info -   [90m-->[39m [1mGET[22m [90m/audios/1565608636360/%E5%91%A8%E6%9D%B0%E4%BC%A6-%E9%BB%91%E8%89%B2%E5%B9%BD%E9%BB%98/image-20190811212856608.png[39m [32m200[39m [90m397ms[39m [90m107.01kb[39m
[2019-08-12T20:44:44.808] [INFO] info -   [90m<--[39m [1mGET[22m [90m/undefined[39m
[2019-08-12T20:44:44.815] [INFO] info -   [90m-->[39m [1mGET[22m [90m/undefined[39m [33m404[39m [90m7ms[39m [90m-[39m
[2019-08-12T20:46:25.799] [INFO] info - server is start！
[2019-08-12T20:46:25.826] [INFO] info - 数据库连接成功
[2019-08-12T20:46:25.835] [INFO] info - 已有同名用户,初始化用户成功
[2019-08-12T20:46:29.789] [INFO] info -   [90m<--[39m [1mPOST[22m [90m/audio/remove[39m
[2019-08-12T20:46:29.919] [INFO] info -   [90m-->[39m [1mPOST[22m [90m/audio/remove[39m [32m200[39m [90m126ms[39m [90m56b[39m
[2019-08-12T20:46:37.647] [INFO] info -   [90m<--[39m [1mPOST[22m [90m/audios/upload[39m
[2019-08-12T20:46:38.138] [INFO] info -   [90m-->[39m [1mPOST[22m [90m/audios/upload[39m [32m200[39m [90m484ms[39m [90m56b[39m
[2019-08-12T20:46:38.224] [INFO] info -   [90m<--[39m [1mGET[22m [90m/audios/list?[39m
[2019-08-12T20:46:38.300] [INFO] info -   [90m-->[39m [1mGET[22m [90m/audios/list?[39m [32m200[39m [90m126ms[39m [90m8.07kb[39m
[2019-08-12T20:46:38.320] [INFO] info -   [90m<--[39m [1mGET[22m [90m/undefined[39m
[2019-08-12T20:46:38.354] [INFO] info -   [90m-->[39m [1mGET[22m [90m/undefined[39m [33m404[39m [90m30ms[39m [90m-[39m
[2019-08-12T20:47:28.707] [INFO] info - server is start！
[2019-08-12T20:47:28.740] [INFO] info - 数据库连接成功
[2019-08-12T20:47:28.756] [INFO] info - 已有同名用户,初始化用户成功
[2019-08-12T20:47:30.727] [INFO] info -   [90m<--[39m [1mPOST[22m [90m/audio/remove[39m
[2019-08-12T20:47:30.760] [INFO] info -   [90m-->[39m [1mPOST[22m [90m/audio/remove[39m [32m200[39m [90m33ms[39m [90m56b[39m
[2019-08-12T20:47:42.739] [INFO] info -   [90m<--[39m [1mPOST[22m [90m/audios/upload[39m
[2019-08-12T20:47:43.106] [INFO] info -   [90m-->[39m [1mPOST[22m [90m/audios/upload[39m [32m200[39m [90m369ms[39m [90m56b[39m
[2019-08-12T20:47:43.158] [INFO] info -   [90m<--[39m [1mGET[22m [90m/audios/list?[39m
[2019-08-12T20:47:43.192] [INFO] info -   [90m-->[39m [1mGET[22m [90m/audios/list?[39m [32m200[39m [90m40ms[39m [90m8.07kb[39m
[2019-08-12T20:47:43.274] [INFO] info -   [90m<--[39m [1mGET[22m [90m/undefined[39m
[2019-08-12T20:47:43.342] [INFO] info -   [90m-->[39m [1mGET[22m [90m/undefined[39m [33m404[39m [90m46ms[39m [90m-[39m
[2019-08-12T20:49:19.941] [INFO] info -   [90m<--[39m [1mPOST[22m [90m/audio/remove[39m
[2019-08-12T20:49:19.975] [INFO] info -   [90m-->[39m [1mPOST[22m [90m/audio/remove[39m [32m200[39m [90m44ms[39m [90m56b[39m
[2019-08-12T20:49:25.130] [INFO] info -   [90m<--[39m [1mPOST[22m [90m/audios/upload[39m
[2019-08-12T20:49:25.514] [INFO] info -   [90m-->[39m [1mPOST[22m [90m/audios/upload[39m [32m200[39m [90m383ms[39m [90m56b[39m
[2019-08-12T20:49:25.562] [INFO] info -   [90m<--[39m [1mGET[22m [90m/audios/list?[39m
[2019-08-12T20:49:25.612] [INFO] info -   [90m-->[39m [1mGET[22m [90m/audios/list?[39m [32m200[39m [90m52ms[39m [90m8.16kb[39m
[2019-08-12T20:49:25.671] [INFO] info -   [90m<--[39m [1mGET[22m [90m/audios/1565614165259/%E7%BD%97%E5%A4%A7%E4%BD%91-%E9%87%8E%E7%99%BE%E5%90%88%E4%B9%9F%E6%9C%89%E6%98%A5%E5%A4%A9/image-20190812204850866.png[39m
[2019-08-12T20:49:25.689] [INFO] info -   [90m-->[39m [1mGET[22m [90m/audios/1565614165259/%E7%BD%97%E5%A4%A7%E4%BD%91-%E9%87%8E%E7%99%BE%E5%90%88%E4%B9%9F%E6%9C%89%E6%98%A5%E5%A4%A9/image-20190812204850866.png[39m [32m200[39m [90m14ms[39m [90m191.01kb[39m
[2019-08-12T20:49:42.441] [INFO] info -   [90m<--[39m [1mGET[22m [90m/audios/list?[39m
[2019-08-12T20:49:42.448] [INFO] info -   [90m-->[39m [1mGET[22m [90m/audios/list?[39m [32m200[39m [90m8ms[39m [90m8.16kb[39m
[2019-08-12T20:49:42.453] [INFO] info -   [90m<--[39m [1mGET[22m [90m/https://timgsa.baidu.com/timg?image&quality=80&size=b9999_10000&sec=1565432542505&di=67d68e3ad03cf0a1806373b3e1916219&imgtype=0&src=http%3A%2F%2Fa3.att.hudong.com%2F13%2F66%2F01200000027819134400663965087_s.jpg[39m
[2019-08-12T20:49:42.457] [INFO] info -   [90m-->[39m [1mGET[22m [90m/https://timgsa.baidu.com/timg?image&quality=80&size=b9999_10000&sec=1565432542505&di=67d68e3ad03cf0a1806373b3e1916219&imgtype=0&src=http%3A%2F%2Fa3.att.hudong.com%2F13%2F66%2F01200000027819134400663965087_s.jpg[39m [33m404[39m [90m2ms[39m [90m-[39m
[2019-08-12T20:49:42.469] [INFO] info -   [90m<--[39m [1mGET[22m [90m/http://djtao.net/%E8%8C%83%E7%8E%AE%E7%90%AA%20-%20%E5%AF%B9%E7%9A%84%E4%BA%BA.mp3[39m
[2019-08-12T20:49:42.500] [INFO] info -   [90m-->[39m [1mGET[22m [90m/http://djtao.net/%E8%8C%83%E7%8E%AE%E7%90%AA%20-%20%E5%AF%B9%E7%9A%84%E4%BA%BA.mp3[39m [33m404[39m [90m31ms[39m [90m-[39m
[2019-08-12T20:49:50.278] [INFO] info -   [90m<--[39m [1mGET[22m [90m/audios/1565614165259/%E7%BD%97%E5%A4%A7%E4%BD%91-%E9%87%8E%E7%99%BE%E5%90%88%E4%B9%9F%E6%9C%89%E6%98%A5%E5%A4%A9/%E7%BD%97%E5%A4%A7%E4%BD%91%20-%20%E9%87%8E%E7%99%BE%E5%90%88%E4%B9%9F%E6%9C%89%E6%98%A5%E5%A4%A9%20%E7%BA%B5%E8%B4%AF%E7%BA%BF%E6%BC%94%E5%94%B1%E4%BC%9A%E5%8F%B0%E5%8C%97%E7%BB%88%E7%82%B9%E7%AB%99%20%E7%8E%B0%E5%9C%BA%E7%89%88.mp3[39m
[2019-08-12T20:49:50.282] [INFO] info -   [90m<--[39m [1mGET[22m [90m/audios/1565614165259/%E7%BD%97%E5%A4%A7%E4%BD%91-%E9%87%8E%E7%99%BE%E5%90%88%E4%B9%9F%E6%9C%89%E6%98%A5%E5%A4%A9/image-20190812204850866.png[39m
[2019-08-12T20:49:50.290] [INFO] info -   [90m-->[39m [1mGET[22m [90m/audios/1565614165259/%E7%BD%97%E5%A4%A7%E4%BD%91-%E9%87%8E%E7%99%BE%E5%90%88%E4%B9%9F%E6%9C%89%E6%98%A5%E5%A4%A9/image-20190812204850866.png[39m [32m200[39m [90m10ms[39m [90m191.01kb[39m
[2019-08-12T20:49:50.810] [INFO] info -   [90m-->[39m [1mGET[22m [90m/audios/1565614165259/%E7%BD%97%E5%A4%A7%E4%BD%91-%E9%87%8E%E7%99%BE%E5%90%88%E4%B9%9F%E6%9C%89%E6%98%A5%E5%A4%A9/%E7%BD%97%E5%A4%A7%E4%BD%91%20-%20%E9%87%8E%E7%99%BE%E5%90%88%E4%B9%9F%E6%9C%89%E6%98%A5%E5%A4%A9%20%E7%BA%B5%E8%B4%AF%E7%BA%BF%E6%BC%94%E5%94%B1%E4%BC%9A%E5%8F%B0%E5%8C%97%E7%BB%88%E7%82%B9%E7%AB%99%20%E7%8E%B0%E5%9C%BA%E7%89%88.mp3[39m [32m200[39m [90m534ms[39m [90m4.24mb[39m
